<?xml version="1.0" encoding="UTF-8"?>
<testsuite name="testCalculator" tests="4" skipped="0" failures="0" errors="0" timestamp="2019-12-03T07:40:33" hostname="sage-ThinkCentre-M73" time="0.049">
  <properties/>
  <testcase name="testAdd()" classname="testCalculator" time="0.029"/>
  <testcase name="testAdd2()" classname="testCalculator" time="0.002"/>
  <testcase name="testMultiply2()" classname="testCalculator" time="0.003"/>
  <testcase name="testMultiply()" classname="testCalculator" time="0.001"/>
  <system-out><![CDATA[]]></system-out>
  <system-err><![CDATA[]]></system-err>
</testsuite>
